Arguments: 
  /usr/local/bin/node /usr/local/bin/yarn add request

PATH: 
  /Users/mengqian/.rvm/gems/ruby-2.2.1/bin:/Users/mengqian/.rvm/gems/ruby-2.2.1@global/bin:/Users/mengqian/.rvm/rubies/ruby-2.2.1/bin:/usr/local/bin:/usr/bin:/bin:/usr/sbin:/sbin:/Users/mengqian/Library/Android/sdk/platform-tools:/Users/mengqian/Project/shell:/Users/mengqian/.rvm/bin

Yarn version: 
  0.20.3

Node version: 
  7.8.0

Platform: 
  darwin x64

npm manifest: 
  {
    "name": "script",
    "version": "0.0.1",
    "private": true,
    "dependencies": {
      "canvas": "^1.3.16",
      "co": "^4.6.0",
      "csv": "^1.1.0",
      "fast-csv": "^2.0.0",
      "lodash": "^4.13.1",
      "md5": "^2.0.0",
      "express":"^4.0.0"
    },
    "devDependencies": {
      "babel-preset-es2015": "^6.9.0",
      "babel-preset-stage-3": "^6.5.0"
    },
    "scripts": {
      "lint": "eslint src tools test",
      "build": "babel-node --eval \"require('./tools/build')().catch(err => console.log(err.stack))\"",
      "start": "babel-node city.js"
    }
  }

yarn manifest: 
  No manifest

Lockfile: 
  No lockfile

Trace: 
  Error: EACCES: permission denied, open '/Users/mengqian/Project/waimai/wmscripts/node_modules/canvas/package.json'
